[debug] [2018-04-02T03:31:44.797Z] ----------------------------------------------------------------------
[debug] [2018-04-02T03:31:44.801Z] Command:       /home/ubuntu/.nvm/versions/node/v6.11.2/bin/node /home/ubuntu/.nvm/versions/node/v6.11.2/bin/firebase login
[debug] [2018-04-02T03:31:44.802Z] CLI Version:   3.17.7
[debug] [2018-04-02T03:31:44.802Z] Platform:      linux
[debug] [2018-04-02T03:31:44.802Z] Node Version:  v6.11.2
[debug] [2018-04-02T03:31:44.802Z] Time:          Mon Apr 02 2018 03:31:44 GMT+0000 (UTC)
[debug] [2018-04-02T03:31:44.802Z] ----------------------------------------------------------------------
[debug] 
[info] 
[info] Visit this URL on any device to log in:
[info] https://accounts.google.com/o/oauth2/auth?client_id=563584335869-fgrhgmd47bqnekij5i8b5pr03ho849e6.apps.googleusercontent.com&scope=email%20openid%20https%3A%2F%2Fwww.googleapis.com%2Fauth%2Fcloudplatformprojects.readonly%20https%3A%2F%2Fwww.googleapis.com%2Fauth%2Ffirebase%20https%3A%2F%2Fwww.googleapis.com%2Fauth%2Fcloud-platform&response_type=code&state=15835551&redirect_uri=http%3A%2F%2Flocalhost%3A9005
[info] 
[info] Waiting for authentication...
[debug] [2018-04-02T03:32:17.577Z] ----------------------------------------------------------------------
[debug] [2018-04-02T03:32:17.580Z] Command:       /home/ubuntu/.nvm/versions/node/v6.11.2/bin/node /home/ubuntu/.nvm/versions/node/v6.11.2/bin/firebase login --interactive
[debug] [2018-04-02T03:32:17.581Z] CLI Version:   3.17.7
[debug] [2018-04-02T03:32:17.581Z] Platform:      linux
[debug] [2018-04-02T03:32:17.581Z] Node Version:  v6.11.2
[debug] [2018-04-02T03:32:17.581Z] Time:          Mon Apr 02 2018 03:32:17 GMT+0000 (UTC)
[debug] [2018-04-02T03:32:17.581Z] ----------------------------------------------------------------------
[debug] 
[info] 
[info] Visit this URL on any device to log in:
[info] https://accounts.google.com/o/oauth2/auth?client_id=563584335869-fgrhgmd47bqnekij5i8b5pr03ho849e6.apps.googleusercontent.com&scope=email%20openid%20https%3A%2F%2Fwww.googleapis.com%2Fauth%2Fcloudplatformprojects.readonly%20https%3A%2F%2Fwww.googleapis.com%2Fauth%2Ffirebase%20https%3A%2F%2Fwww.googleapis.com%2Fauth%2Fcloud-platform&response_type=code&state=879263834&redirect_uri=http%3A%2F%2Flocalhost%3A9005
[info] 
[info] Waiting for authentication...
